Base path: /Applications/Unity/Unity.app/Contents
Cmd: initializeCompiler
Cmd: compileSnippet
  api=14 type=0 insize=11846 outsize=2664 kw=SHADOWS_SPLIT_SPHERES pd=UNITY_NO_DXT5nm UNITY_NO_RGBM UNITY_ENABLE_REFLECTION_BUFFERS UNITY_FRAMEBUFFER_FETCH_AVAILABLE UNITY_NO_CUBEMAP_ARRAY UNITY_NO_SCREENSPACE_SHADOWS UNITY_PBS_USE_BRDF2 SHADER_API_MOBILE UNITY_HARDWARE_TIER2 UNITY_COLORSPACE_GAMMA UNITY_LIGHTMAP_DLDR_ENCODING ok=1
Cmd: compileSnippet
  api=14 type=0 insize=11846 outsize=2664 kw=SHADOWS_SINGLE_CASCADE pd=UNITY_NO_DXT5nm UNITY_NO_RGBM UNITY_ENABLE_REFLECTION_BUFFERS UNITY_FRAMEBUFFER_FETCH_AVAILABLE UNITY_NO_CUBEMAP_ARRAY UNITY_NO_SCREENSPACE_SHADOWS UNITY_PBS_USE_BRDF3 SHADER_API_MOBILE UNITY_HARDWARE_TIER1 UNITY_COLORSPACE_GAMMA UNITY_LIGHTMAP_DLDR_ENCODING ok=1
Cmd: compileSnippet
  api=14 type=1 insize=11846 outsize=9450 kw= pd=UNITY_NO_DXT5nm UNITY_NO_RGBM UNITY_ENABLE_REFLECTION_BUFFERS UNITY_FRAMEBUFFER_FETCH_AVAILABLE UNITY_NO_CUBEMAP_ARRAY UNITY_NO_SCREENSPACE_SHADOWS UNITY_PBS_USE_BRDF3 SHADER_API_MOBILE UNITY_HARDWARE_TIER1 UNITY_COLORSPACE_GAMMA UNITY_LIGHTMAP_DLDR_ENCODING ok=1
Cmd: compileSnippet
  api=14 type=1 insize=11846 outsize=10114 kw=SHADOWS_SPLIT_SPHERES pd=UNITY_NO_DXT5nm UNITY_NO_RGBM UNITY_ENABLE_REFLECTION_BUFFERS UNITY_FRAMEBUFFER_FETCH_AVAILABLE UNITY_NO_CUBEMAP_ARRAY UNITY_NO_SCREENSPACE_SHADOWS UNITY_PBS_USE_BRDF2 SHADER_API_MOBILE UNITY_HARDWARE_TIER2 UNITY_COLORSPACE_GAMMA UNITY_LIGHTMAP_DLDR_ENCODING ok=1
Cmd: compileSnippet
  api=14 type=1 insize=11846 outsize=7428 kw=SHADOWS_SPLIT_SPHERES SHADOWS_SINGLE_CASCADE pd=UNITY_NO_DXT5nm UNITY_NO_RGBM UNITY_ENABLE_REFLECTION_BUFFERS UNITY_FRAMEBUFFER_FETCH_AVAILABLE UNITY_NO_CUBEMAP_ARRAY UNITY_NO_SCREENSPACE_SHADOWS UNITY_PBS_USE_BRDF2 SHADER_API_MOBILE UNITY_HARDWARE_TIER2 UNITY_COLORSPACE_GAMMA UNITY_LIGHTMAP_DLDR_ENCODING ok=1
Cmd: initializeCompiler
Cmd: compileSnippet
  api=14 type=0 insize=11846 outsize=2664 kw= pd=UNITY_NO_DXT5nm UNITY_NO_RGBM UNITY_ENABLE_REFLECTION_BUFFERS UNITY_FRAMEBUFFER_FETCH_AVAILABLE UNITY_NO_CUBEMAP_ARRAY UNITY_NO_SCREENSPACE_SHADOWS UNITY_PBS_USE_BRDF2 SHADER_API_MOBILE UNITY_HARDWARE_TIER2 UNITY_COLORSPACE_GAMMA UNITY_LIGHTMAP_DLDR_ENCODING ok=1
Cmd: initializeCompiler
Cmd: initializeCompiler
Cmd: initializeCompiler
Cmd: disassembleShader
  api=14 insize=3427 outsize=3379 ok=1
Cmd: disassembleShader
  api=14 insize=4034 outsize=3986 ok=1
Cmd: disassembleShader
  api=14 insize=4034 outsize=3986 ok=1
Cmd: disassembleShader
  api=14 insize=3522 outsize=3474 ok=1
Cmd: disassembleShader
  api=14 insize=4129 outsize=4081 ok=1
Cmd: disassembleShader
  api=14 insize=4129 outsize=4081 ok=1
Cmd: disassembleShader
  api=14 insize=3427 outsize=3379 ok=1
Cmd: disassembleShader
  api=14 insize=3427 outsize=3379 ok=1
Cmd: disassembleShader
  api=14 insize=5750 outsize=5702 ok=1
Cmd: disassembleShader
  api=14 insize=5750 outsize=5702 ok=1
Cmd: disassembleShader
  api=14 insize=3522 outsize=3474 ok=1
Cmd: disassembleShader
  api=14 insize=3522 outsize=3474 ok=1
Cmd: disassembleShader
  api=14 insize=5845 outsize=5797 ok=1
Cmd: disassembleShader
  api=14 insize=5845 outsize=5797 ok=1
Cmd: disassembleShader
  api=14 insize=3427 outsize=3379 ok=1
Cmd: disassembleShader
  api=14 insize=5646 outsize=5598 ok=1
Cmd: disassembleShader
  api=14 insize=6968 outsize=6920 ok=1
Cmd: disassembleShader
  api=14 insize=7498 outsize=7450 ok=1
Cmd: disassembleShader
  api=14 insize=7156 outsize=7108 ok=1
Cmd: disassembleShader
  api=14 insize=8469 outsize=8421 ok=1
Cmd: disassembleShader
  api=14 insize=8144 outsize=8096 ok=1
Cmd: disassembleShader
  api=14 insize=5404 outsize=5356 ok=1
Cmd: disassembleShader
  api=14 insize=3475 outsize=3427 ok=1
Cmd: disassembleShader
  api=14 insize=3490 outsize=3442 ok=1
Cmd: disassembleShader
  api=14 insize=3475 outsize=3427 ok=1
Cmd: disassembleShader
  api=14 insize=3475 outsize=3427 ok=1
Cmd: disassembleShader
  api=14 insize=3490 outsize=3442 ok=1
Cmd: disassembleShader
  api=14 insize=3570 outsize=3522 ok=1
Cmd: disassembleShader
  api=14 insize=3570 outsize=3522 ok=1
Cmd: disassembleShader
  api=14 insize=3585 outsize=3537 ok=1
Cmd: disassembleShader
  api=14 insize=3585 outsize=3537 ok=1
Cmd: disassembleShader
  api=14 insize=3569 outsize=3521 ok=1
Cmd: disassembleShader
  api=14 insize=3569 outsize=3521 ok=1
Cmd: disassembleShader
  api=14 insize=3569 outsize=3521 ok=1
Cmd: disassembleShader
  api=14 insize=3569 outsize=3521 ok=1
Cmd: disassembleShader
  api=14 insize=4354 outsize=4306 ok=1
Cmd: disassembleShader
  api=14 insize=3086 outsize=3038 ok=1
Cmd: disassembleShader
  api=14 insize=4469 outsize=4421 ok=1
Cmd: disassembleShader
  api=14 insize=4267 outsize=4219 ok=1
Cmd: disassembleShader
  api=14 insize=4621 outsize=4573 ok=1
Cmd: disassembleShader
  api=14 insize=4162 outsize=4114 ok=1
Cmd: disassembleShader
  api=14 insize=7581 outsize=7533 ok=1
Cmd: disassembleShader
  api=14 insize=5579 outsize=5531 ok=1
Cmd: disassembleShader
  api=14 insize=6256 outsize=6208 ok=1
Cmd: disassembleShader
  api=14 insize=6602 outsize=6554 ok=1
Cmd: disassembleShader
  api=14 insize=7605 outsize=7557 ok=1
Cmd: disassembleShader
  api=14 insize=6854 outsize=6806 ok=1
Cmd: disassembleShader
  api=14 insize=7850 outsize=7802 ok=1
Cmd: disassembleShader
  api=14 insize=2953 outsize=2905 ok=1
Cmd: disassembleShader
  api=14 insize=2766 outsize=2718 ok=1
Cmd: disassembleShader
  api=14 insize=533 outsize=485 ok=1
Cmd: disassembleShader
  api=14 insize=533 outsize=485 ok=1
Cmd: disassembleShader
  api=14 insize=3427 outsize=3379 ok=1
Cmd: disassembleShader
  api=14 insize=4034 outsize=3986 ok=1
Cmd: disassembleShader
  api=14 insize=4034 outsize=3986 ok=1
Cmd: disassembleShader
  api=14 insize=4034 outsize=3986 ok=1
Cmd: disassembleShader
  api=14 insize=4034 outsize=3986 ok=1
Cmd: disassembleShader
  api=14 insize=3427 outsize=3379 ok=1
Cmd: disassembleShader
  api=14 insize=2474 outsize=2426 ok=1
Cmd: disassembleShader
  api=14 insize=3856 outsize=3808 ok=1
Cmd: disassembleShader
  api=14 insize=3536 outsize=3488 ok=1
Cmd: disassembleShader
  api=14 insize=3810 outsize=3762 ok=1
Cmd: disassembleShader
  api=14 insize=3490 outsize=3442 ok=1
Cmd: disassembleShader
  api=14 insize=2813 outsize=2765 ok=1
Cmd: disassembleShader
  api=14 insize=3553 outsize=3505 ok=1
Cmd: disassembleShader
  api=14 insize=4970 outsize=4922 ok=1
Cmd: disassembleShader
  api=14 insize=4970 outsize=4922 ok=1
Cmd: disassembleShader
  api=14 insize=3522 outsize=3474 ok=1
Cmd: disassembleShader
  api=14 insize=3522 outsize=3474 ok=1
Cmd: disassembleShader
  api=14 insize=4129 outsize=4081 ok=1
Cmd: disassembleShader
  api=14 insize=4129 outsize=4081 ok=1
Cmd: disassembleShader
  api=14 insize=3553 outsize=3505 ok=1
Cmd: disassembleShader
  api=14 insize=3553 outsize=3505 ok=1
Cmd: disassembleShader
  api=14 insize=6386 outsize=6338 ok=1
Cmd: disassembleShader
  api=14 insize=6386 outsize=6338 ok=1
Cmd: disassembleShader
  api=14 insize=3522 outsize=3474 ok=1
Cmd: disassembleShader
  api=14 insize=3522 outsize=3474 ok=1
Cmd: disassembleShader
  api=14 insize=5845 outsize=5797 ok=1
Cmd: disassembleShader
  api=14 insize=5845 outsize=5797 ok=1
Cmd: disassembleShader
  api=14 insize=3553 outsize=3505 ok=1
Cmd: disassembleShader
  api=14 insize=4778 outsize=4730 ok=1
Cmd: disassembleShader
  api=14 insize=5342 outsize=5294 ok=1
Cmd: disassembleShader
  api=14 insize=5025 outsize=4977 ok=1
Cmd: disassembleShader
  api=14 insize=7498 outsize=7450 ok=1
Cmd: disassembleShader
  api=14 insize=7156 outsize=7108 ok=1
Cmd: disassembleShader
  api=14 insize=8469 outsize=8421 ok=1
Cmd: disassembleShader
  api=14 insize=8144 outsize=8096 ok=1
Cmd: disassembleShader
  api=14 insize=5098 outsize=5050 ok=1
Cmd: disassembleShader
  api=14 insize=5098 outsize=5050 ok=1
Cmd: disassembleShader
  api=14 insize=3725 outsize=3677 ok=1
Cmd: disassembleShader
  api=14 insize=3614 outsize=3566 ok=1
Cmd: disassembleShader
  api=14 insize=3725 outsize=3677 ok=1
Cmd: disassembleShader
  api=14 insize=3725 outsize=3677 ok=1
Cmd: disassembleShader
  api=14 insize=3614 outsize=3566 ok=1
Cmd: disassembleShader
  api=14 insize=3820 outsize=3772 ok=1
Cmd: disassembleShader
  api=14 insize=3585 outsize=3537 ok=1
Cmd: disassembleShader
  api=14 insize=3585 outsize=3537 ok=1
Cmd: disassembleShader
  api=14 insize=3819 outsize=3771 ok=1
Cmd: disassembleShader
  api=14 insize=3819 outsize=3771 ok=1
Cmd: disassembleShader
  api=14 insize=3738 outsize=3690 ok=1
Cmd: disassembleShader
  api=14 insize=2930 outsize=2882 ok=1
Cmd: disassembleShader
  api=14 insize=4205 outsize=4157 ok=1
Cmd: disassembleShader
  api=14 insize=4003 outsize=3955 ok=1
Cmd: disassembleShader
  api=14 insize=3677 outsize=3629 ok=1
Cmd: disassembleShader
  api=14 insize=5197 outsize=5149 ok=1
Cmd: disassembleShader
  api=14 insize=5185 outsize=5137 ok=1
Cmd: disassembleShader
  api=14 insize=6256 outsize=6208 ok=1
Cmd: disassembleShader
  api=14 insize=4877 outsize=4829 ok=1
Cmd: disassembleShader
  api=14 insize=5144 outsize=5096 ok=1
Cmd: disassembleShader
  api=14 insize=2953 outsize=2905 ok=1
Cmd: disassembleShader
  api=14 insize=2766 outsize=2718 ok=1
Cmd: disassembleShader
  api=14 insize=533 outsize=485 ok=1
Cmd: disassembleShader
  api=14 insize=533 outsize=485 ok=1
Cmd: initializeCompiler
Cmd: initializeCompiler
Cmd: initializeCompiler

Quitting shader compiler process
